  [1m[35m (138.2ms)[0m  [1m[35mCREATE TABLE "schema_migrations" ("version" varchar NOT NULL PRIMARY KEY)[0m
  [1m[35m (105.7ms)[0m  [1m[35mCREATE TABLE "ar_internal_metadata" ("key" varchar NOT NULL PRIMARY KEY, "value" varchar, "created_at" datetime NOT NULL, "updated_at" datetime NOT NULL)[0m
  [1m[36mActiveRecord::SchemaMigration Load (0.3ms)[0m  [1m[34mSELECT "schema_migrations".* FROM "schema_migrations"[0m
Migrating to CreateUsers (20180308120931)
  [1m[35m (0.1ms)[0m  [1m[36mbegin transaction[0m
  [1m[35m (0.7ms)[0m  [1m[35mCREATE TABLE "users" ("id" INTEGER PRIMARY KEY AUTOINCREMENT NOT NULL, "name" varchar, "email" varchar, "password_digest" varchar, "created_at" datetime NOT NULL, "updated_at" datetime NOT NULL)[0m
  [1m[35mSQL (0.2ms)[0m  [1m[32mINSERT INTO "schema_migrations" ("version") VALUES (?)[0m  [["version", "20180308120931"]]
  [1m[35m (116.1ms)[0m  [1m[36mcommit transaction[0m
  [1m[36mActiveRecord::InternalMetadata Load (0.2ms)[0m  [1m[34mSELECT  "ar_internal_metadata".* FROM "ar_internal_metadata" WHERE "ar_internal_metadata"."key" = ? LIMIT ?[0m  [["key", "environment"], ["LIMIT", 1]]
  [1m[35m (0.1ms)[0m  [1m[36mbegin transaction[0m
  [1m[35mSQL (0.3ms)[0m  [1m[32mINSERT INTO "ar_internal_metadata" ("key", "value", "created_at", "updated_at") VALUES (?, ?, ?, ?)[0m  [["key", "environment"], ["value", "development"], ["created_at", "2018-03-08 12:10:37.238034"], ["updated_at", "2018-03-08 12:10:37.238034"]]
  [1m[35m (108.6ms)[0m  [1m[36mcommit transaction[0m
  [1m[36mActiveRecord::SchemaMigration Load (0.1ms)[0m  [1m[34mSELECT "schema_migrations".* FROM "schema_migrations"[0m
  [1m[35m (0.1ms)[0m  [1m[36mbegin transaction[0m
  [1m[35mSQL (0.3ms)[0m  [1m[32mINSERT INTO "users" ("email", "password_digest", "created_at", "updated_at") VALUES (?, ?, ?, ?)[0m  [["email", "example@mail.com"], ["password_digest", "$2a$10$FTBMkI14Pu5Fw1G9Yq9ndOldbjUqiOFwrBiYOFQUC0CpOOG8sqLZi"], ["created_at", "2018-03-08 12:26:45.216896"], ["updated_at", "2018-03-08 12:26:45.216896"]]
  [1m[35m (180.4ms)[0m  [1m[36mcommit transaction[0m
  [1m[36mActiveRecord::SchemaMigration Load (0.2ms)[0m  [1m[34mSELECT "schema_migrations".* FROM "schema_migrations"[0m
Migrating to CreateItems (20180308122708)
  [1m[35m (0.2ms)[0m  [1m[36mbegin transaction[0m
  [1m[35m (1.3ms)[0m  [1m[35mCREATE TABLE "items" ("id" INTEGER PRIMARY KEY AUTOINCREMENT NOT NULL, "name" varchar, "description" text, "created_at" datetime NOT NULL, "updated_at" datetime NOT NULL)[0m
  [1m[35mSQL (0.2ms)[0m  [1m[32mINSERT INTO "schema_migrations" ("version") VALUES (?)[0m  [["version", "20180308122708"]]
  [1m[35m (124.2ms)[0m  [1m[36mcommit transaction[0m
  [1m[36mActiveRecord::InternalMetadata Load (0.2ms)[0m  [1m[34mSELECT  "ar_internal_metadata".* FROM "ar_internal_metadata" WHERE "ar_internal_metadata"."key" = ? LIMIT ?[0m  [["key", "environment"], ["LIMIT", 1]]
  [1m[35m (0.1ms)[0m  [1m[36mbegin transaction[0m
  [1m[35m (0.1ms)[0m  [1m[36mcommit transaction[0m
  [1m[36mActiveRecord::SchemaMigration Load (0.1ms)[0m  [1m[34mSELECT "schema_migrations".* FROM "schema_migrations"[0m
Started POST "/authenticate" for 127.0.0.1 at 2018-03-08 17:57:51 +0530
  [1m[36mActiveRecord::SchemaMigration Load (0.2ms)[0m  [1m[34mSELECT "schema_migrations".* FROM "schema_migrations"[0m
  
ActionController::RoutingError (No route matches [POST] "/authenticate"):
  
actionpack (5.0.6) lib/action_dispatch/middleware/debug_exceptions.rb:53:in `call'
actionpack (5.0.6) lib/action_dispatch/middleware/show_exceptions.rb:31:in `call'
railties (5.0.6) lib/rails/rack/logger.rb:36:in `call_app'
railties (5.0.6) lib/rails/rack/logger.rb:24:in `block in call'
activesupport (5.0.6) lib/active_support/tagged_logging.rb:69:in `block in tagged'
activesupport (5.0.6) lib/active_support/tagged_logging.rb:26:in `tagged'
activesupport (5.0.6) lib/active_support/tagged_logging.rb:69:in `tagged'
railties (5.0.6) lib/rails/rack/logger.rb:24:in `call'
actionpack (5.0.6) lib/action_dispatch/middleware/request_id.rb:24:in `call'
rack (2.0.4) lib/rack/runtime.rb:22:in `call'
activesupport (5.0.6) lib/active_support/cache/strategy/local_cache_middleware.rb:28:in `call'
actionpack (5.0.6) lib/action_dispatch/middleware/executor.rb:12:in `call'
actionpack (5.0.6) lib/action_dispatch/middleware/static.rb:136:in `call'
rack (2.0.4) lib/rack/sendfile.rb:111:in `call'
railties (5.0.6) lib/rails/engine.rb:522:in `call'
puma (3.11.3) lib/puma/configuration.rb:225:in `call'
puma (3.11.3) lib/puma/server.rb:624:in `handle_request'
puma (3.11.3) lib/puma/server.rb:438:in `process_client'
puma (3.11.3) lib/puma/server.rb:302:in `block in run'
puma (3.11.3) lib/puma/thread_pool.rb:120:in `block in spawn_thread'
Started POST "/authenticate" for 127.0.0.1 at 2018-03-08 18:00:00 +0530
  [1m[36mActiveRecord::SchemaMigration Load (0.2ms)[0m  [1m[34mSELECT "schema_migrations".* FROM "schema_migrations"[0m
Processing by AuthenticationController#authenticate as */*
  Parameters: {"email"=>"example@mail.com", "password"=>"[FILTERED]", "authentication"=>{"email"=>"example@mail.com", "password"=>"[FILTERED]"}}
Completed 500 Internal Server Error in 1ms (ActiveRecord: 0.0ms)


  
TypeError (nil is not a symbol nor a string):
  
app/commands/authenticate_user.rb:13:in `private'
app/commands/authenticate_user.rb:13:in `<class:AuthenticateUser>'
app/commands/authenticate_user.rb:1:in `<top (required)>'
app/controllers/authentication_controller.rb:5:in `authenticate'
Started POST "/authenticate" for 127.0.0.1 at 2018-03-08 18:01:12 +0530
Processing by AuthenticationController#authenticate as */*
  Parameters: {"email"=>"example@mail.com", "password"=>"[FILTERED]", "authentication"=>{"email"=>"example@mail.com", "password"=>"[FILTERED]"}}
  [1m[36mUser Load (0.3ms)[0m  [1m[34mSELECT  "users".* FROM "users" WHERE "users"."email" = ? LIMIT ?[0m  [["email", "example@mail.com"], ["LIMIT", 1]]
  [1m[36mCACHE (0.0ms)[0m  [1m[34mSELECT  "users".* FROM "users" WHERE "users"."email" = ? LIMIT ?[0m  [["email", "example@mail.com"], ["LIMIT", 1]]
Completed 500 Internal Server Error in 206ms (ActiveRecord: 1.2ms)


  
ArgumentError (wrong number of arguments (given 1, expected 0)):
  
lib/json_web_token.rb:4:in `encode'
app/commands/authenticate_user.rb:10:in `call'
app/controllers/authentication_controller.rb:5:in `authenticate'
Started POST "/authenticate" for 127.0.0.1 at 2018-03-08 18:03:44 +0530
  [1m[36mActiveRecord::SchemaMigration Load (0.2ms)[0m  [1m[34mSELECT "schema_migrations".* FROM "schema_migrations"[0m
Processing by AuthenticationController#authenticate as */*
  Parameters: {"email"=>"example@mail.com", "password"=>"[FILTERED]", "authentication"=>{"email"=>"example@mail.com", "password"=>"[FILTERED]"}}
  [1m[36mUser Load (0.2ms)[0m  [1m[34mSELECT  "users".* FROM "users" WHERE "users"."email" = ? LIMIT ?[0m  [["email", "example@mail.com"], ["LIMIT", 1]]
  [1m[36mUser Load (0.1ms)[0m  [1m[34mSELECT  "users".* FROM "users" WHERE "users"."email" = ? LIMIT ?[0m  [["email", "example@mail.com"], ["LIMIT", 1]]
Completed 500 Internal Server Error in 185ms (ActiveRecord: 1.1ms)


  
ArgumentError (wrong number of arguments (given 1, expected 0)):
  
lib/json_web_token.rb:4:in `encode'
app/commands/authenticate_user.rb:10:in `call'
app/controllers/authentication_controller.rb:5:in `authenticate'
  [1m[36mUser Load (0.2ms)[0m  [1m[34mSELECT  "users".* FROM "users" ORDER BY "users"."id" ASC LIMIT ?[0m  [["LIMIT", 1]]
Started POST "/authenticate" for 127.0.0.1 at 2018-03-08 18:22:43 +0530
  [1m[36mActiveRecord::SchemaMigration Load (0.2ms)[0m  [1m[34mSELECT "schema_migrations".* FROM "schema_migrations"[0m
Processing by AuthenticationController#authenticate as */*
  Parameters: {"email"=>"example@mail.com", "password"=>"[FILTERED]", "authentication"=>{"email"=>"example@mail.com", "password"=>"[FILTERED]"}}
  [1m[36mUser Load (0.2ms)[0m  [1m[34mSELECT  "users".* FROM "users" WHERE "users"."email" = ? LIMIT ?[0m  [["email", "example@mail.com"], ["LIMIT", 1]]
  [1m[36mUser Load (0.1ms)[0m  [1m[34mSELECT  "users".* FROM "users" WHERE "users"."email" = ? LIMIT ?[0m  [["email", "example@mail.com"], ["LIMIT", 1]]
Completed 200 OK in 185ms (Views: 0.2ms | ActiveRecord: 1.0ms)


Started GET "/items" for 127.0.0.1 at 2018-03-08 18:23:05 +0530
Processing by ItemsController#index as */*
Completed 500 Internal Server Error in 2ms (ActiveRecord: 0.0ms)


  
TypeError (nil is not a symbol nor a string):
  
app/commands/authorize_api_request.rb:11:in `private'
app/commands/authorize_api_request.rb:11:in `<class:AuthorizeApiRequest>'
app/commands/authorize_api_request.rb:1:in `<top (required)>'
app/controllers/application_controller.rb:9:in `authenticate_request'
Started GET "/items" for 127.0.0.1 at 2018-03-08 18:24:18 +0530
Processing by ItemsController#index as */*
Completed 500 Internal Server Error in 2ms (ActiveRecord: 0.0ms)


  
TypeError (nil is not a symbol nor a string):
  
app/commands/authorize_api_request.rb:11:in `private'
app/commands/authorize_api_request.rb:11:in `<class:AuthorizeApiRequest>'
app/commands/authorize_api_request.rb:1:in `<top (required)>'
app/controllers/application_controller.rb:9:in `authenticate_request'
Started GET "/items" for 127.0.0.1 at 2018-03-08 18:24:58 +0530
Processing by ItemsController#index as */*
Completed 500 Internal Server Error in 1ms (ActiveRecord: 0.0ms)


  
TypeError (nil is not a symbol nor a string):
  
app/commands/authorize_api_request.rb:12:in `private'
app/commands/authorize_api_request.rb:12:in `<class:AuthorizeApiRequest>'
app/commands/authorize_api_request.rb:1:in `<top (required)>'
app/controllers/application_controller.rb:9:in `authenticate_request'
Started GET "/items" for 127.0.0.1 at 2018-03-08 18:25:28 +0530
Processing by ItemsController#index as */*
Filter chain halted as :authenticate_request rendered or redirected
Completed 401 Unauthorized in 2ms (Views: 0.2ms | ActiveRecord: 0.0ms)


Started POST "/authenticate" for 127.0.0.1 at 2018-03-08 18:25:39 +0530
Processing by AuthenticationController#authenticate as */*
  Parameters: {"email"=>"example@mail.com", "password"=>"[FILTERED]", "authentication"=>{"email"=>"example@mail.com", "password"=>"[FILTERED]"}}
  [1m[36mUser Load (0.3ms)[0m  [1m[34mSELECT  "users".* FROM "users" WHERE "users"."email" = ? LIMIT ?[0m  [["email", "example@mail.com"], ["LIMIT", 1]]
  [1m[36mCACHE (0.0ms)[0m  [1m[34mSELECT  "users".* FROM "users" WHERE "users"."email" = ? LIMIT ?[0m  [["email", "example@mail.com"], ["LIMIT", 1]]
Completed 200 OK in 186ms (Views: 0.2ms | ActiveRecord: 1.8ms)


Started GET "/items" for 127.0.0.1 at 2018-03-08 18:27:08 +0530
Processing by ItemsController#index as */*
  [1m[36mUser Load (0.3ms)[0m  [1m[34mSELECT  "users".* FROM "users" WHERE "users"."id" = ? LIMIT ?[0m  [["id", 1], ["LIMIT", 1]]
  [1m[36mItem Load (0.2ms)[0m  [1m[34mSELECT "items".* FROM "items"[0m
Completed 200 OK in 8ms (Views: 2.0ms | ActiveRecord: 1.2ms)


